[{"line":3,"elements":[{"start_timestamp":"2023-03-26T04:43:08.211Z","before":[{"result":{"duration":6192665000,"status":"passed"},"match":{"location":"com.tests.automationExercise.stepdefinitions.Hook.setup()"}}],"line":4,"name":"Register User","description":"","id":"testing-positive-register/login-functionality;register-user","after":[{"result":{"duration":595554000,"status":"passed"},"match":{"location":"com.tests.automationExercise.stepdefinitions.Hook.tearDown(io.cucumber.java.Scenario)"}}],"type":"scenario","keyword":"Scenario","steps":[{"result":{"duration":23512000,"status":"passed"},"line":5,"name":"User Navigate to url verify that home page is visible successfully 'https://automationexercise.com/'","match":{"arguments":[{"val":"'https://automationexercise.com/'","offset":67}],"location":"com.tests.automationExercise.stepdefinitions.positiveTestCases.RegisterStepDefinitions.user_navigate_to_url(java.lang.String)"},"keyword":"Given "},{"result":{"duration":3073193000,"status":"passed"},"line":6,"name":"User Click on Signup and Login button","match":{"location":"com.tests.automationExercise.stepdefinitions.positiveTestCases.RegisterStepDefinitions.userClickOnSignupAndLoginButton()"},"keyword":"And "},{"result":{"duration":20129000,"status":"passed"},"line":7,"name":"User is on Sign-up page Verify 'New User Signup!' is visible","match":{"arguments":[{"val":"'New User Signup!'","offset":31}],"location":"com.tests.automationExercise.stepdefinitions.positiveTestCases.RegisterStepDefinitions.user_is_on_sign_up_page_verify_is_visible(java.lang.String)"},"keyword":"When "},{"result":{"duration":2753053000,"status":"passed"},"line":8,"name":"Enter 'Jose' and 'joseg@gmail.com' address and Click Signup button","match":{"arguments":[{"val":"'Jose'","offset":6},{"val":"'joseg@gmail.com'","offset":17}],"location":"com.tests.automationExercise.stepdefinitions.positiveTestCases.RegisterStepDefinitions.enter_name_and_email_address_and_click_signup_button(java.lang.String,java.lang.String)"},"keyword":"And "},{"result":{"error_message":"org.openqa.selenium.NoSuchElementException: no such element: Unable to locate element: {\"method\":\"xpath\",\"selector\":\"//b[contains(text(),'Enter Account Information')]\"}\n  (Session info: chrome=111.0.5563.110)\nFor documentation on this error, please visit: https://selenium.dev/exceptions/#no_such_element\nBuild info: version: '4.7.2', revision: '4d4020c3b7'\nSystem info: os.name: 'Mac OS X', os.arch: 'x86_64', os.version: '13.2.1', java.version: '18.0.1.1'\nDriver info: org.openqa.selenium.chrome.ChromeDriver\nCommand: [b8ba71081c8179a62107a7f34177e47a, findElement {using=xpath, value=//b[contains(text(),'Enter Account Information')]}]\nCapabilities {acceptInsecureCerts: false, browserName: chrome, browserVersion: 111.0.5563.110, chrome: {chromedriverVersion: 111.0.5563.64 (c710e93d5b63..., userDataDir: /var/folders/3l/p_y2d0b50hz...}, goog:chromeOptions: {debuggerAddress: localhost:50539}, networkConnectionEnabled: false, pageLoadStrategy: normal, platformName: MAC, proxy: Proxy(), se:cdp: ws://localhost:50539/devtoo..., se:cdpVersion: 111.0.5563.110, setWindowRect: true, strictFileInteractability: false, timeouts: {implicit: 0, pageLoad: 300000, script: 30000}, unhandledPromptBehavior: dismiss and notify, webauthn:extension:credBlob: true, webauthn:extension:largeBlob: true, webauthn:extension:minPinLength: true, webauthn:extension:prf: true, webauthn:virtualAuthenticators: true}\nSession ID: b8ba71081c8179a62107a7f34177e47a\n\tat java.base/jdk.internal.reflect.DirectConstructorHandleAccessor.newInstance(DirectConstructorHandleAccessor.java:67)\n\tat java.base/java.lang.reflect.Constructor.newInstanceWithCaller(Constructor.java:499)\n\tat java.base/java.lang.reflect.Constructor.newInstance(Constructor.java:483)\n\tat org.openqa.selenium.remote.codec.w3c.W3CHttpResponseCodec.createException(W3CHttpResponseCodec.java:200)\n\tat org.openqa.selenium.remote.codec.w3c.W3CHttpResponseCodec.decode(W3CHttpResponseCodec.java:133)\n\tat org.openqa.selenium.remote.codec.w3c.W3CHttpResponseCodec.decode(W3CHttpResponseCodec.java:53)\n\tat org.openqa.selenium.remote.HttpCommandExecutor.execute(HttpCommandExecutor.java:184)\n\tat org.openqa.selenium.remote.service.DriverCommandExecutor.invokeExecute(DriverCommandExecutor.java:167)\n\tat org.openqa.selenium.remote.service.DriverCommandExecutor.execute(DriverCommandExecutor.java:142)\n\tat org.openqa.selenium.remote.RemoteWebDriver.execute(RemoteWebDriver.java:535)\n\tat org.openqa.selenium.remote.ElementLocation$ElementFinder$2.findElement(ElementLocation.java:162)\n\tat org.openqa.selenium.remote.ElementLocation.findElement(ElementLocation.java:60)\n\tat org.openqa.selenium.remote.RemoteWebDriver.findElement(RemoteWebDriver.java:351)\n\tat org.openqa.selenium.remote.RemoteWebDriver.findElement(RemoteWebDriver.java:343)\n\tat org.openqa.selenium.support.pagefactory.DefaultElementLocator.findElement(DefaultElementLocator.java:70)\n\tat org.openqa.selenium.support.pagefactory.internal.LocatingElementHandler.invoke(LocatingElementHandler.java:39)\n\tat jdk.proxy2/jdk.proxy2.$Proxy25.getText(Unknown Source)\n\tat utils.BrowserUtils.getText(BrowserUtils.java:37)\n\tat com.tests.automationExercise.pages.signupPage.accountInfoText(signupPage.java:78)\n\tat com.tests.automationExercise.stepdefinitions.positiveTestCases.RegisterStepDefinitions.verify_that_is_visible(RegisterStepDefinitions.java:42)\n\tat ✽.Verify that 'ENTER ACCOUNT INFORMATION' is visible(file:///Users/jg/IdeaProjects/AutomationExercise/src/test/resources/features/Login.feature:9)\n","duration":10036263000,"status":"failed"},"line":9,"name":"Verify that 'ENTER ACCOUNT INFORMATION' is visible","match":{"arguments":[{"val":"'ENTER ACCOUNT INFORMATION'","offset":12}],"location":"com.tests.automationExercise.stepdefinitions.positiveTestCases.RegisterStepDefinitions.verify_that_is_visible(java.lang.String)"},"keyword":"Then "},{"result":{"duration":107000,"status":"skipped"},"line":10,"name":"Fill details: title, 'jose1234', DOB '5' '5' '2001', 'Jose', 'Gonzalez', '123 Street Ave', 'United States', 'IL', 'Des Plaines', '41243', '2121231234' and Click Create Account button","match":{"arguments":[{"val":"'jose1234'","offset":21},{"val":"'5'","offset":37},{"val":"'5'","offset":41},{"val":"'2001'","offset":45},{"val":"'Jose'","offset":53},{"val":"'Gonzalez'","offset":61},{"val":"'123 Street Ave'","offset":73},{"val":"'United States'","offset":91},{"val":"'IL'","offset":108},{"val":"'Des Plaines'","offset":114},{"val":"'41243'","offset":129},{"val":"'2121231234'","offset":138}],"location":"com.tests.automationExercise.stepdefinitions.positiveTestCases.RegisterStepDefinitions.fillDetailsTitlePasswordDOBDayMonthYearFirstNameLastNameAddressCountryStateCityZipcodeNumber(java.lang.String,java.lang.String,java.lang.String,java.lang.String,java.lang.String,java.lang.String,java.lang.String,java.lang.String,java.lang.String,java.lang.String,java.lang.String,java.lang.String)"},"keyword":"And "},{"result":{"duration":74000,"status":"skipped"},"line":11,"name":"User creates an account Verify that 'ACCOUNT CREATED!' is visible and Click Continue button","match":{"arguments":[{"val":"'ACCOUNT CREATED!'","offset":36}],"location":"com.tests.automationExercise.stepdefinitions.positiveTestCases.RegisterStepDefinitions.user_creates_an_account_verify_that_is_visible_and_click_button(java.lang.String)"},"keyword":"When "},{"result":{"duration":64000,"status":"skipped"},"line":12,"name":"Verify if username Logged in as 'Jose' is visible","match":{"arguments":[{"val":"'Jose'","offset":32}],"location":"com.tests.automationExercise.stepdefinitions.positiveTestCases.RegisterStepDefinitions.verifyIfUsernameLoggedInAsUsernameIsVisible(java.lang.String)"},"keyword":"Then "},{"result":{"duration":65000,"status":"skipped"},"line":13,"name":"Click Delete Account button","match":{"location":"com.tests.automationExercise.stepdefinitions.positiveTestCases.RegisterStepDefinitions.click_button()"},"keyword":"And "},{"result":{"duration":63000,"status":"skipped"},"line":14,"name":"Verify that 'ACCOUNT DELETED!' is visible and click Continue button","match":{"arguments":[{"val":"'ACCOUNT DELETED!'","offset":12}],"location":"com.tests.automationExercise.stepdefinitions.positiveTestCases.RegisterStepDefinitions.verify_that_is_visible_and_click_button(java.lang.String)"},"keyword":"Then "}],"tags":[{"name":"@regression"}]}],"name":"Testing positive register/login functionality","description":"","id":"testing-positive-register/login-functionality","keyword":"Feature","uri":"file:src/test/resources/features/Login.feature","tags":[{"name":"@regression","type":"Tag","location":{"line":1,"column":1}}]},{"line":3,"elements":[{"start_timestamp":"2023-03-26T04:43:30.939Z","before":[{"result":{"duration":5718490000,"status":"passed"},"match":{"location":"com.tests.automationExercise.stepdefinitions.Hook.setup()"}}],"line":4,"name":"Positive Login with correct credentials","description":"","id":"login-user-with-correct-email-and-password;positive-login-with-correct-credentials","after":[{"result":{"duration":583946000,"status":"passed"},"match":{"location":"com.tests.automationExercise.stepdefinitions.Hook.tearDown(io.cucumber.java.Scenario)"}}],"type":"scenario","keyword":"Scenario","steps":[{"result":{"error_message":"org.openqa.selenium.NoSuchElementException: no such element: Unable to locate element: {\"method\":\"css selector\",\"selector\":\"#id_gender1\"}\n  (Session info: chrome=111.0.5563.110)\nFor documentation on this error, please visit: https://selenium.dev/exceptions/#no_such_element\nBuild info: version: '4.7.2', revision: '4d4020c3b7'\nSystem info: os.name: 'Mac OS X', os.arch: 'x86_64', os.version: '13.2.1', java.version: '18.0.1.1'\nDriver info: org.openqa.selenium.chrome.ChromeDriver\nCommand: [de5cf3c483d58ef1d15b071af7691542, findElement {using=css selector, value=#id_gender1}]\nCapabilities {acceptInsecureCerts: false, browserName: chrome, browserVersion: 111.0.5563.110, chrome: {chromedriverVersion: 111.0.5563.64 (c710e93d5b63..., userDataDir: /var/folders/3l/p_y2d0b50hz...}, goog:chromeOptions: {debuggerAddress: localhost:50680}, networkConnectionEnabled: false, pageLoadStrategy: normal, platformName: MAC, proxy: Proxy(), se:cdp: ws://localhost:50680/devtoo..., se:cdpVersion: 111.0.5563.110, setWindowRect: true, strictFileInteractability: false, timeouts: {implicit: 0, pageLoad: 300000, script: 30000}, unhandledPromptBehavior: dismiss and notify, webauthn:extension:credBlob: true, webauthn:extension:largeBlob: true, webauthn:extension:minPinLength: true, webauthn:extension:prf: true, webauthn:virtualAuthenticators: true}\nSession ID: de5cf3c483d58ef1d15b071af7691542\n\tat java.base/jdk.internal.reflect.DirectConstructorHandleAccessor.newInstance(DirectConstructorHandleAccessor.java:67)\n\tat java.base/java.lang.reflect.Constructor.newInstanceWithCaller(Constructor.java:499)\n\tat java.base/java.lang.reflect.Constructor.newInstance(Constructor.java:483)\n\tat org.openqa.selenium.remote.codec.w3c.W3CHttpResponseCodec.createException(W3CHttpResponseCodec.java:200)\n\tat org.openqa.selenium.remote.codec.w3c.W3CHttpResponseCodec.decode(W3CHttpResponseCodec.java:133)\n\tat org.openqa.selenium.remote.codec.w3c.W3CHttpResponseCodec.decode(W3CHttpResponseCodec.java:53)\n\tat org.openqa.selenium.remote.HttpCommandExecutor.execute(HttpCommandExecutor.java:184)\n\tat org.openqa.selenium.remote.service.DriverCommandExecutor.invokeExecute(DriverCommandExecutor.java:167)\n\tat org.openqa.selenium.remote.service.DriverCommandExecutor.execute(DriverCommandExecutor.java:142)\n\tat org.openqa.selenium.remote.RemoteWebDriver.execute(RemoteWebDriver.java:535)\n\tat org.openqa.selenium.remote.ElementLocation$ElementFinder$2.findElement(ElementLocation.java:162)\n\tat org.openqa.selenium.remote.ElementLocation.findElement(ElementLocation.java:60)\n\tat org.openqa.selenium.remote.RemoteWebDriver.findElement(RemoteWebDriver.java:351)\n\tat org.openqa.selenium.remote.RemoteWebDriver.findElement(RemoteWebDriver.java:343)\n\tat org.openqa.selenium.support.pagefactory.DefaultElementLocator.findElement(DefaultElementLocator.java:70)\n\tat org.openqa.selenium.support.pagefactory.internal.LocatingElementHandler.invoke(LocatingElementHandler.java:39)\n\tat jdk.proxy2/jdk.proxy2.$Proxy25.click(Unknown Source)\n\tat com.tests.automationExercise.pages.signupPage.accountInformation(signupPage.java:83)\n\tat com.tests.automationExercise.stepdefinitions.positiveTestCases.positiveLoginStepDef.user_is_on_the_site_create_an_account_and_logout(positiveLoginStepDef.java:28)\n\tat ✽.User is on the site create an account and logout(file:///Users/jg/IdeaProjects/AutomationExercise/src/test/resources/features/PostiveLogin.feature:5)\n","duration":17490076000,"status":"failed"},"line":5,"name":"User is on the site create an account and logout","match":{"location":"com.tests.automationExercise.stepdefinitions.positiveTestCases.positiveLoginStepDef.user_is_on_the_site_create_an_account_and_logout()"},"keyword":"When "},{"result":{"duration":85000,"status":"skipped"},"line":6,"name":"Click on Signup - Login button","match":{"location":"com.tests.automationExercise.stepdefinitions.positiveTestCases.positiveLoginStepDef.click_on_signup_login_button()"},"keyword":"Then "},{"result":{"duration":66000,"status":"skipped"},"line":7,"name":"Verify 'Login to your account' is visible","match":{"arguments":[{"val":"'Login to your account'","offset":7}],"location":"com.tests.automationExercise.stepdefinitions.positiveTestCases.positiveLoginStepDef.verify_is_visible(java.lang.String)"},"keyword":"And "},{"result":{"duration":71000,"status":"skipped"},"line":8,"name":"Enter correct email address and password","match":{"location":"com.tests.automationExercise.stepdefinitions.positiveTestCases.positiveLoginStepDef.enter_correct_email_address_and_password()"},"keyword":"Then "},{"result":{"duration":83000,"status":"skipped"},"line":9,"name":"User log in Verify that Logged in as 'Jose' is visible","match":{"arguments":[{"val":"'Jose'","offset":37}],"location":"com.tests.automationExercise.stepdefinitions.positiveTestCases.positiveLoginStepDef.user_log_in_verify_that_is_visible(java.lang.String)"},"keyword":"When "},{"result":{"duration":67000,"status":"skipped"},"line":10,"name":"User Click Delete Account button","match":{"location":"com.tests.automationExercise.stepdefinitions.positiveTestCases.positiveLoginStepDef.click_button()"},"keyword":"Then "},{"result":{"duration":87000,"status":"skipped"},"line":11,"name":"User Verify that 'ACCOUNT DELETED!' is visible","match":{"arguments":[{"val":"'ACCOUNT DELETED!'","offset":17}],"location":"com.tests.automationExercise.stepdefinitions.positiveTestCases.positiveLoginStepDef.user_verify_that_is_visible(java.lang.String)"},"keyword":"And "}],"tags":[{"name":"@regression"}]}],"name":"Login User with correct email and password","description":"","id":"login-user-with-correct-email-and-password","keyword":"Feature","uri":"file:src/test/resources/features/PostiveLogin.feature","tags":[{"name":"@regression","type":"Tag","location":{"line":1,"column":1}}]},{"line":2,"elements":[{"start_timestamp":"2023-03-26T04:43:54.746Z","before":[{"result":{"duration":5585929000,"status":"passed"},"match":{"location":"com.tests.automationExercise.stepdefinitions.Hook.setup()"}}],"line":3,"name":"User is able to navigate to test cases","description":"","id":"verify-test-cases-page;user-is-able-to-navigate-to-test-cases","after":[{"result":{"duration":1097003000,"status":"passed"},"match":{"location":"com.tests.automationExercise.stepdefinitions.Hook.tearDown(io.cucumber.java.Scenario)"}}],"type":"scenario","keyword":"Scenario","steps":[{"result":{"error_message":"java.lang.AssertionError: expected:<null> but was:<https://automationexercise.com/>\n\tat org.junit.Assert.fail(Assert.java:89)\n\tat org.junit.Assert.failNotEquals(Assert.java:835)\n\tat org.junit.Assert.assertEquals(Assert.java:120)\n\tat org.junit.Assert.assertEquals(Assert.java:146)\n\tat com.tests.automationExercise.stepdefinitions.positiveTestCases.PositiveTestCaseNagivation.user_is_at_the_home_page(PositiveTestCaseNagivation.java:20)\n\tat ✽.User is at the home page(file:///Users/jg/IdeaProjects/AutomationExercise/src/test/resources/features/TestCasesPage.feature:4)\n","duration":6961000,"status":"failed"},"line":4,"name":"User is at the home page","match":{"location":"com.tests.automationExercise.stepdefinitions.positiveTestCases.PositiveTestCaseNagivation.user_is_at_the_home_page()"},"keyword":"When "},{"result":{"duration":69000,"status":"skipped"},"line":5,"name":"User click the test cases section","match":{"location":"com.tests.automationExercise.stepdefinitions.positiveTestCases.PositiveTestCaseNagivation.user_click_the_test_cases_section()"},"keyword":"Then "},{"result":{"duration":84000,"status":"skipped"},"line":6,"name":"User is on the test cases page verify Test Cases is visible \"TEST CASES\"","match":{"arguments":[{"val":"\"TEST CASES\"","offset":60}],"location":"com.tests.automationExercise.stepdefinitions.positiveTestCases.PositiveTestCaseNagivation.user_is_on_the_test_cases_page_verify_test_cases_is_visible(java.lang.String)"},"keyword":"When "},{"result":{"duration":65000,"status":"skipped"},"line":7,"name":"Verify user is at the Test Cases Page","match":{"location":"com.tests.automationExercise.stepdefinitions.positiveTestCases.PositiveTestCaseNagivation.verify_user_is_at_the_test_cases_page()"},"keyword":"Then "}],"tags":[{"name":"@regression"}]}],"name":"Verify Test Cases Page","description":"","id":"verify-test-cases-page","keyword":"Feature","uri":"file:src/test/resources/features/TestCasesPage.feature","tags":[{"name":"@regression","type":"Tag","location":{"line":1,"column":1}}]},{"line":4,"elements":[{"start_timestamp":"2023-03-26T04:44:01.447Z","before":[{"result":{"duration":3445482000,"status":"passed"},"match":{"location":"com.tests.automationExercise.stepdefinitions.Hook.setup()"}}],"line":5,"name":"User is able to submit a contact us form for any issues","description":"","id":"send-a-contact-form-successfully;user-is-able-to-submit-a-contact-us-form-for-any-issues","after":[{"result":{"duration":908716000,"status":"passed"},"match":{"location":"com.tests.automationExercise.stepdefinitions.Hook.tearDown(io.cucumber.java.Scenario)"}}],"type":"scenario","keyword":"Scenario","steps":[{"result":{"duration":28236000,"status":"passed"},"line":6,"name":"User Navigate to url verify that home page is visible successfully 'https://automationexercise.com/'","match":{"arguments":[{"val":"'https://automationexercise.com/'","offset":67}],"location":"com.tests.automationExercise.stepdefinitions.positiveTestCases.RegisterStepDefinitions.user_navigate_to_url(java.lang.String)"},"keyword":"Given "},{"result":{"duration":10154212000,"status":"passed"},"line":7,"name":"user is at the homepage and click on Contact Us button","match":{"location":"com.tests.automationExercise.stepdefinitions.positiveTestCases.positiveContactFormStepDef.user_is_at_the_homepage_and_click_on_contact_us_button()"},"keyword":"When "},{"result":{"duration":18814000,"status":"passed"},"line":8,"name":"At the contact page Verify 'GET IN TOUCH' is visible","match":{"arguments":[{"val":"'GET IN TOUCH'","offset":27}],"location":"com.tests.automationExercise.stepdefinitions.positiveTestCases.positiveContactFormStepDef.at_the_contact_page_verify_is_visible(java.lang.String)"},"keyword":"Then "},{"result":{"duration":312562000,"status":"passed"},"line":9,"name":"Complete the form  by entering name, email, subject, message and upload a file","match":{"location":"com.tests.automationExercise.stepdefinitions.positiveTestCases.positiveContactFormStepDef.complete_the_form_by_entering_and_upload_a_file()"},"keyword":"And "},{"result":{"duration":2182933000,"status":"passed"},"line":10,"name":"Submits the form and clicks the Ok Button to continue","match":{"location":"com.tests.automationExercise.stepdefinitions.positiveTestCases.positiveContactFormStepDef.submits_the_form_and_clicks_the_ok_button_to_continue()"},"keyword":"Then "},{"result":{"duration":39519000,"status":"passed"},"line":11,"name":"form has been completed and submitted verify 'Success! Your details have been submitted successfully.' is visible","match":{"arguments":[{"val":"'Success! Your details have been submitted successfully.'","offset":45}],"location":"com.tests.automationExercise.stepdefinitions.positiveTestCases.positiveContactFormStepDef.form_has_been_completed_and_submitted_verify_is_visible(java.lang.String)"},"keyword":"When "},{"result":{"error_message":"java.lang.AssertionError: expected:<null> but was:<https://automationexercise.com/>\n\tat org.junit.Assert.fail(Assert.java:89)\n\tat org.junit.Assert.failNotEquals(Assert.java:835)\n\tat org.junit.Assert.assertEquals(Assert.java:120)\n\tat org.junit.Assert.assertEquals(Assert.java:146)\n\tat com.tests.automationExercise.stepdefinitions.positiveTestCases.positiveContactFormStepDef.user_clicks_home_button_and_verify_user_is_navigated_to_the_homepage(positiveContactFormStepDef.java:45)\n\tat ✽.User clicks Home Button and verify User is navigated to the homepage(file:///Users/jg/IdeaProjects/AutomationExercise/src/test/resources/features/contactUsForm.feature:12)\n","duration":3231508000,"status":"failed"},"line":12,"name":"User clicks Home Button and verify User is navigated to the homepage","match":{"location":"com.tests.automationExercise.stepdefinitions.positiveTestCases.positiveContactFormStepDef.user_clicks_home_button_and_verify_user_is_navigated_to_the_homepage()"},"keyword":"Then "}],"tags":[{"name":"@regression"},{"name":"@Reregression"}]}],"name":"Send a contact form successfully","description":"","id":"send-a-contact-form-successfully","keyword":"Feature","uri":"file:src/test/resources/features/contactUsForm.feature","tags":[{"name":"@regression","type":"Tag","location":{"line":1,"column":1}},{"name":"@Reregression","type":"Tag","location":{"line":2,"column":1}}]},{"line":2,"elements":[{"start_timestamp":"2023-03-26T04:44:21.779Z","before":[{"result":{"duration":9030908000,"status":"passed"},"match":{"location":"com.tests.automationExercise.stepdefinitions.Hook.setup()"}}],"line":3,"name":"Incorrect credentials","description":"","id":"negative-login-with-incorrect-credentials;incorrect-credentials","after":[{"result":{"duration":151940000,"status":"passed"},"match":{"location":"com.tests.automationExercise.stepdefinitions.Hook.tearDown(io.cucumber.java.Scenario)"}}],"type":"scenario","keyword":"Scenario","steps":[{"result":{"duration":1956018000,"status":"passed"},"line":4,"name":"User Click on Signup and Login button","match":{"location":"com.tests.automationExercise.stepdefinitions.positiveTestCases.RegisterStepDefinitions.userClickOnSignupAndLoginButton()"},"keyword":"When "},{"result":{"duration":19135000,"status":"passed"},"line":5,"name":"Verify 'Login to your account' is visible","match":{"arguments":[{"val":"'Login to your account'","offset":7}],"location":"com.tests.automationExercise.stepdefinitions.positiveTestCases.positiveLoginStepDef.verify_is_visible(java.lang.String)"},"keyword":"And "},{"result":{"duration":2859631000,"status":"passed"},"line":6,"name":"Enter incorrect email and password","match":{"location":"com.tests.automationExercise.stepdefinitions.negativeTestCases.negativeLoginStepDef.enter_incorrect_email_and_password()"},"keyword":"Then "},{"result":{"duration":21307000,"status":"passed"},"line":7,"name":"Verify error 'Your email or password is incorrect!' is visible","match":{"arguments":[{"val":"'Your email or password is incorrect!'","offset":13}],"location":"com.tests.automationExercise.stepdefinitions.negativeTestCases.negativeLoginStepDef.verify_error_is_visible(java.lang.String)"},"keyword":"And "}],"tags":[{"name":"@regression"}]}],"name":"Negative login with incorrect credentials","description":"","id":"negative-login-with-incorrect-credentials","keyword":"Feature","uri":"file:src/test/resources/features/negativeLogin.feature","tags":[{"name":"@regression","type":"Tag","location":{"line":1,"column":1}}]},{"line":2,"elements":[{"start_timestamp":"2023-03-26T04:44:35.845Z","before":[{"result":{"duration":4766306000,"status":"passed"},"match":{"location":"com.tests.automationExercise.stepdefinitions.Hook.setup()"}}],"line":3,"name":"User tries to make an account with an existing email","description":"","id":"register-user-with-existing-email;user-tries-to-make-an-account-with-an-existing-email","after":[{"result":{"duration":158497000,"status":"passed"},"match":{"location":"com.tests.automationExercise.stepdefinitions.Hook.tearDown(io.cucumber.java.Scenario)"}}],"type":"scenario","keyword":"Scenario","steps":[{"result":{"duration":4682508000,"status":"passed"},"line":4,"name":"User Click on Signup and Login button","match":{"location":"com.tests.automationExercise.stepdefinitions.positiveTestCases.RegisterStepDefinitions.userClickOnSignupAndLoginButton()"},"keyword":"When "},{"result":{"duration":17893000,"status":"passed"},"line":5,"name":"User is on Sign-up page Verify 'New User Signup!' is visible","match":{"arguments":[{"val":"'New User Signup!'","offset":31}],"location":"com.tests.automationExercise.stepdefinitions.positiveTestCases.RegisterStepDefinitions.user_is_on_sign_up_page_verify_is_visible(java.lang.String)"},"keyword":"Then "},{"result":{"duration":4166076000,"status":"passed"},"line":6,"name":"User tries to signup using an existing email","match":{"location":"com.tests.automationExercise.stepdefinitions.negativeTestCases.negativeRegisterStepDef.user_tries_to_signup_using_an_existing_email()"},"keyword":"And "},{"result":{"duration":19970000,"status":"passed"},"line":7,"name":"Verify the error message 'Email Address already exist!' is visible","match":{"arguments":[{"val":"'Email Address already exist!'","offset":25}],"location":"com.tests.automationExercise.stepdefinitions.negativeTestCases.negativeRegisterStepDef.verify_the_error_message_is_visible(java.lang.String)"},"keyword":"Then "}],"tags":[{"name":"@regression"}]}],"name":"Register User with existing email","description":"","id":"register-user-with-existing-email","keyword":"Feature","uri":"file:src/test/resources/features/negativeResigter.feature","tags":[{"name":"@regression","type":"Tag","location":{"line":1,"column":1}}]},{"line":2,"elements":[{"start_timestamp":"2023-03-26T04:44:49.665Z","before":[{"result":{"duration":5016647000,"status":"passed"},"match":{"location":"com.tests.automationExercise.stepdefinitions.Hook.setup()"}}],"line":3,"name":"Logout feature","description":"","id":"successfully-creating-an-account-and-logging-out;logout-feature","after":[{"result":{"duration":858367000,"status":"passed"},"match":{"location":"com.tests.automationExercise.stepdefinitions.Hook.tearDown(io.cucumber.java.Scenario)"}}],"type":"scenario","keyword":"Scenario","steps":[{"result":{"error_message":"org.openqa.selenium.NoSuchElementException: no such element: Unable to locate element: {\"method\":\"css selector\",\"selector\":\"#id_gender1\"}\n  (Session info: chrome=111.0.5563.110)\nFor documentation on this error, please visit: https://selenium.dev/exceptions/#no_such_element\nBuild info: version: '4.7.2', revision: '4d4020c3b7'\nSystem info: os.name: 'Mac OS X', os.arch: 'x86_64', os.version: '13.2.1', java.version: '18.0.1.1'\nDriver info: org.openqa.selenium.chrome.ChromeDriver\nCommand: [2c207e8fc8afd3277fb5220a4f3aea70, findElement {using=css selector, value=#id_gender1}]\nCapabilities {acceptInsecureCerts: false, browserName: chrome, browserVersion: 111.0.5563.110, chrome: {chromedriverVersion: 111.0.5563.64 (c710e93d5b63..., userDataDir: /var/folders/3l/p_y2d0b50hz...}, goog:chromeOptions: {debuggerAddress: localhost:51359}, networkConnectionEnabled: false, pageLoadStrategy: normal, platformName: MAC, proxy: Proxy(), se:cdp: ws://localhost:51359/devtoo..., se:cdpVersion: 111.0.5563.110, setWindowRect: true, strictFileInteractability: false, timeouts: {implicit: 0, pageLoad: 300000, script: 30000}, unhandledPromptBehavior: dismiss and notify, webauthn:extension:credBlob: true, webauthn:extension:largeBlob: true, webauthn:extension:minPinLength: true, webauthn:extension:prf: true, webauthn:virtualAuthenticators: true}\nSession ID: 2c207e8fc8afd3277fb5220a4f3aea70\n\tat java.base/jdk.internal.reflect.DirectConstructorHandleAccessor.newInstance(DirectConstructorHandleAccessor.java:67)\n\tat java.base/java.lang.reflect.Constructor.newInstanceWithCaller(Constructor.java:499)\n\tat java.base/java.lang.reflect.Constructor.newInstance(Constructor.java:483)\n\tat org.openqa.selenium.remote.codec.w3c.W3CHttpResponseCodec.createException(W3CHttpResponseCodec.java:200)\n\tat org.openqa.selenium.remote.codec.w3c.W3CHttpResponseCodec.decode(W3CHttpResponseCodec.java:133)\n\tat org.openqa.selenium.remote.codec.w3c.W3CHttpResponseCodec.decode(W3CHttpResponseCodec.java:53)\n\tat org.openqa.selenium.remote.HttpCommandExecutor.execute(HttpCommandExecutor.java:184)\n\tat org.openqa.selenium.remote.service.DriverCommandExecutor.invokeExecute(DriverCommandExecutor.java:167)\n\tat org.openqa.selenium.remote.service.DriverCommandExecutor.execute(DriverCommandExecutor.java:142)\n\tat org.openqa.selenium.remote.RemoteWebDriver.execute(RemoteWebDriver.java:535)\n\tat org.openqa.selenium.remote.ElementLocation$ElementFinder$2.findElement(ElementLocation.java:162)\n\tat org.openqa.selenium.remote.ElementLocation.findElement(ElementLocation.java:60)\n\tat org.openqa.selenium.remote.RemoteWebDriver.findElement(RemoteWebDriver.java:351)\n\tat org.openqa.selenium.remote.RemoteWebDriver.findElement(RemoteWebDriver.java:343)\n\tat org.openqa.selenium.support.pagefactory.DefaultElementLocator.findElement(DefaultElementLocator.java:70)\n\tat org.openqa.selenium.support.pagefactory.internal.LocatingElementHandler.invoke(LocatingElementHandler.java:39)\n\tat jdk.proxy2/jdk.proxy2.$Proxy25.click(Unknown Source)\n\tat com.tests.automationExercise.pages.signupPage.accountInformation(signupPage.java:83)\n\tat com.tests.automationExercise.stepdefinitions.positiveTestCases.positiveLoginStepDef.user_is_on_the_site_create_an_account_and_logout(positiveLoginStepDef.java:28)\n\tat ✽.User is on the site create an account and logout(file:///Users/jg/IdeaProjects/AutomationExercise/src/test/resources/features/postiveLogout.feature:4)\n","duration":15733698000,"status":"failed"},"line":4,"name":"User is on the site create an account and logout","match":{"location":"com.tests.automationExercise.stepdefinitions.positiveTestCases.positiveLoginStepDef.user_is_on_the_site_create_an_account_and_logout()"},"keyword":"When "},{"result":{"duration":89000,"status":"skipped"},"line":5,"name":"Click on Signup - Login button","match":{"location":"com.tests.automationExercise.stepdefinitions.positiveTestCases.positiveLoginStepDef.click_on_signup_login_button()"},"keyword":"Then "},{"result":{"duration":66000,"status":"skipped"},"line":6,"name":"Verify 'Login to your account' is visible","match":{"arguments":[{"val":"'Login to your account'","offset":7}],"location":"com.tests.automationExercise.stepdefinitions.positiveTestCases.positiveLoginStepDef.verify_is_visible(java.lang.String)"},"keyword":"And "},{"result":{"duration":58000,"status":"skipped"},"line":7,"name":"Enter correct email address and password","match":{"location":"com.tests.automationExercise.stepdefinitions.positiveTestCases.positiveLoginStepDef.enter_correct_email_address_and_password()"},"keyword":"Then "},{"result":{"duration":62000,"status":"skipped"},"line":8,"name":"User log in Verify that Logged in as 'Jose' is visible","match":{"arguments":[{"val":"'Jose'","offset":37}],"location":"com.tests.automationExercise.stepdefinitions.positiveTestCases.positiveLoginStepDef.user_log_in_verify_that_is_visible(java.lang.String)"},"keyword":"And "},{"result":{"duration":57000,"status":"skipped"},"line":9,"name":"User Logs out and verify user is at the signup-login page 'https://automationexercise.com/login'","match":{"arguments":[{"val":"'https://automationexercise.com/login'","offset":58}],"location":"com.tests.automationExercise.stepdefinitions.positiveTestCases.positiveLogoutStepDef.user_logs_out_and_verify_user_is_at_the_signup_login_page(java.lang.String)"},"keyword":"Then "}],"tags":[{"name":"@regression"}]}],"name":"Successfully creating an account and logging out","description":"","id":"successfully-creating-an-account-and-logging-out","keyword":"Feature","uri":"file:src/test/resources/features/postiveLogout.feature","tags":[{"name":"@regression","type":"Tag","location":{"line":1,"column":1}}]}]